Arguments: 
  /Users/prange000/.nvm/versions/node/v13.7.0/bin/node /usr/local/Cellar/yarn/1.22.4/libexec/bin/yarn.js add d3

PATH: 
  /Users/prange000/.gem/bin:/usr/local/sbin:/usr/local/opt/sqlite/bin:/usr/local/opt/icu4c/sbin:/Users/prange000/.nvm/versions/node/v13.7.0/bin:/usr/local/bin:/usr/bin:/bin:/usr/sbin:/sbin:/usr/local/opt/fzf/bin

Yarn version: 
  1.22.4

Node version: 
  13.7.0

Platform: 
  darwin x64

Trace: 
  Error: connect ECONNREFUSED 208.79.65.147:443
      at TCPConnectWrap.afterConnect [as oncomplete] (net.js:1137:16)

npm manifest: 
  No manifest

yarn manifest: 
  No manifest

Lockfile: 
  # THIS IS AN AUTOGENERATED FILE. DO NOT EDIT THIS FILE DIRECTLY.
  # yarn lockfile v1
